mode: set
github.com/lodgvideon/poseidon-http-server/conn/server_conn.go:85.58,86.52 1 1
github.com/lodgvideon/poseidon-http-server/conn/server_conn.go:86.52,88.3 1 1
github.com/lodgvideon/poseidon-http-server/conn/server_conn.go:89.2,89.30 1 1
github.com/lodgvideon/poseidon-http-server/conn/server_conn.go:89.30,91.3 1 1
github.com/lodgvideon/poseidon-http-server/conn/server_conn.go:92.2,92.10 1 1
github.com/lodgvideon/poseidon-http-server/conn/server_conn.go:120.99,124.46 2 1
github.com/lodgvideon/poseidon-http-server/conn/server_conn.go:124.46,127.3 2 1
github.com/lodgvideon/poseidon-http-server/conn/server_conn.go:129.2,146.54 4 1
github.com/lodgvideon/poseidon-http-server/conn/server_conn.go:146.54,149.3 2 0
github.com/lodgvideon/poseidon-http-server/conn/server_conn.go:150.2,154.16 3 1
github.com/lodgvideon/poseidon-http-server/conn/server_conn.go:154.16,157.3 2 0
github.com/lodgvideon/poseidon-http-server/conn/server_conn.go:158.2,164.32 6 1
github.com/lodgvideon/poseidon-http-server/conn/server_conn.go:164.32,166.3 1 1
github.com/lodgvideon/poseidon-http-server/conn/server_conn.go:167.2,167.16 1 1
github.com/lodgvideon/poseidon-http-server/conn/server_conn.go:172.43,174.48 2 1
github.com/lodgvideon/poseidon-http-server/conn/server_conn.go:174.48,176.3 1 1
github.com/lodgvideon/poseidon-http-server/conn/server_conn.go:177.2,177.24 1 1
github.com/lodgvideon/poseidon-http-server/conn/server_conn.go:177.24,178.28 1 1
github.com/lodgvideon/poseidon-http-server/conn/server_conn.go:178.28,180.4 1 0
github.com/lodgvideon/poseidon-http-server/conn/server_conn.go:182.2,182.12 1 1
github.com/lodgvideon/poseidon-http-server/conn/server_conn.go:192.99,194.20 2 1
github.com/lodgvideon/poseidon-http-server/conn/server_conn.go:194.20,195.52 1 1
github.com/lodgvideon/poseidon-http-server/conn/server_conn.go:195.52,197.4 1 0
github.com/lodgvideon/poseidon-http-server/conn/server_conn.go:199.2,199.46 1 1
github.com/lodgvideon/poseidon-http-server/conn/server_conn.go:199.46,201.3 1 0
github.com/lodgvideon/poseidon-http-server/conn/server_conn.go:202.2,202.19 1 1
github.com/lodgvideon/poseidon-http-server/conn/server_conn.go:202.19,203.52 1 1
github.com/lodgvideon/poseidon-http-server/conn/server_conn.go:203.52,205.4 1 0
github.com/lodgvideon/poseidon-http-server/conn/server_conn.go:207.2,207.22 1 1
github.com/lodgvideon/poseidon-http-server/conn/server_conn.go:210.81,213.2 2 1
github.com/lodgvideon/poseidon-http-server/conn/server_conn.go:218.80,219.22 1 1
github.com/lodgvideon/poseidon-http-server/conn/server_conn.go:219.22,221.3 1 1
github.com/lodgvideon/poseidon-http-server/conn/server_conn.go:222.2,222.9 1 1
github.com/lodgvideon/poseidon-http-server/conn/server_conn.go:223.31,224.10 1 1
github.com/lodgvideon/poseidon-http-server/conn/server_conn.go:224.10,226.4 1 0
github.com/lodgvideon/poseidon-http-server/conn/server_conn.go:227.3,227.17 1 1
github.com/lodgvideon/poseidon-http-server/conn/server_conn.go:228.20,229.24 1 0
github.com/lodgvideon/poseidon-http-server/conn/server_conn.go:235.37,236.44 1 1
github.com/lodgvideon/poseidon-http-server/conn/server_conn.go:236.44,238.3 1 1
github.com/lodgvideon/poseidon-http-server/conn/server_conn.go:239.2,240.25 2 1
github.com/lodgvideon/poseidon-http-server/conn/server_conn.go:240.25,242.3 1 1
github.com/lodgvideon/poseidon-http-server/conn/server_conn.go:243.2,246.81 2 1
github.com/lodgvideon/poseidon-http-server/conn/server_conn.go:246.81,248.3 1 1
github.com/lodgvideon/poseidon-http-server/conn/server_conn.go:249.2,255.12 7 1
github.com/lodgvideon/poseidon-http-server/conn/server_conn.go:259.41,267.2 1 1
github.com/lodgvideon/poseidon-http-server/conn/server_conn.go:269.49,273.29 4 1
github.com/lodgvideon/poseidon-http-server/conn/server_conn.go:273.29,274.17 1 0
github.com/lodgvideon/poseidon-http-server/conn/server_conn.go:274.17,276.4 1 0
github.com/lodgvideon/poseidon-http-server/conn/server_conn.go:278.2,278.14 1 1
github.com/lodgvideon/poseidon-http-server/conn/server_conn.go:281.75,282.30 1 1
github.com/lodgvideon/poseidon-http-server/conn/server_conn.go:282.30,284.43 2 0
github.com/lodgvideon/poseidon-http-server/conn/server_conn.go:284.43,286.4 1 0
github.com/lodgvideon/poseidon-http-server/conn/server_conn.go:291.38,293.2 1 1
github.com/lodgvideon/poseidon-http-server/conn/server_conn.go:296.72,297.22 1 1
github.com/lodgvideon/poseidon-http-server/conn/server_conn.go:297.22,299.3 1 1
github.com/lodgvideon/poseidon-http-server/conn/server_conn.go:300.2,311.22 9 1
github.com/lodgvideon/poseidon-http-server/conn/server_conn.go:311.22,317.3 5 0
github.com/lodgvideon/poseidon-http-server/conn/server_conn.go:318.2,320.16 3 1
github.com/lodgvideon/poseidon-http-server/conn/server_conn.go:320.16,322.3 1 1
github.com/lodgvideon/poseidon-http-server/conn/server_conn.go:323.2,324.16 2 1
github.com/lodgvideon/poseidon-http-server/conn/server_conn.go:324.16,329.3 4 0
github.com/lodgvideon/poseidon-http-server/conn/server_conn.go:331.2,331.9 1 1
github.com/lodgvideon/poseidon-http-server/conn/server_conn.go:332.12,333.32 1 1
github.com/lodgvideon/poseidon-http-server/conn/server_conn.go:334.20,338.22 4 0
github.com/lodgvideon/poseidon-http-server/conn/server_conn.go:339.23,343.26 4 0
github.com/lodgvideon/poseidon-http-server/conn/server_conn.go:348.55,351.8 3 1
github.com/lodgvideon/poseidon-http-server/conn/server_conn.go:351.8,353.3 1 1
github.com/lodgvideon/poseidon-http-server/conn/server_conn.go:354.2,355.8 2 1
github.com/lodgvideon/poseidon-http-server/conn/server_conn.go:355.8,357.3 1 1
github.com/lodgvideon/poseidon-http-server/conn/server_conn.go:362.56,363.53 1 1
github.com/lodgvideon/poseidon-http-server/conn/server_conn.go:363.53,365.3 1 1
github.com/lodgvideon/poseidon-http-server/conn/server_conn.go:366.2,368.22 3 1
github.com/lodgvideon/poseidon-http-server/conn/server_conn.go:368.22,370.3 1 0
github.com/lodgvideon/poseidon-http-server/conn/server_conn.go:371.2,372.16 2 1
github.com/lodgvideon/poseidon-http-server/conn/server_conn.go:372.16,374.3 1 1
github.com/lodgvideon/poseidon-http-server/conn/server_conn.go:375.2,375.12 1 1
github.com/lodgvideon/poseidon-http-server/conn/server_conn.go:378.61,381.6 3 1
github.com/lodgvideon/poseidon-http-server/conn/server_conn.go:381.6,382.10 1 1
github.com/lodgvideon/poseidon-http-server/conn/server_conn.go:383.14,385.24 2 1
github.com/lodgvideon/poseidon-http-server/conn/server_conn.go:385.24,387.36 2 1
github.com/lodgvideon/poseidon-http-server/conn/server_conn.go:387.36,389.6 1 1
github.com/lodgvideon/poseidon-http-server/conn/server_conn.go:391.4,394.18 4 1
github.com/lodgvideon/poseidon-http-server/conn/server_conn.go:394.18,397.5 2 0
github.com/lodgvideon/poseidon-http-server/conn/server_conn.go:398.24,400.10 2 1
github.com/lodgvideon/poseidon-http-server/conn/server_conn.go:405.40,405.70 1 1
github.com/lodgvideon/poseidon-http-server/conn/server_conn.go:408.36,411.6 3 1
github.com/lodgvideon/poseidon-http-server/conn/server_conn.go:411.6,413.17 2 1
github.com/lodgvideon/poseidon-http-server/conn/server_conn.go:413.17,416.4 2 1
github.com/lodgvideon/poseidon-http-server/conn/server_conn.go:417.3,417.33 1 1
github.com/lodgvideon/poseidon-http-server/conn/server_conn.go:421.48,424.31 3 1
github.com/lodgvideon/poseidon-http-server/conn/server_conn.go:424.31,425.10 1 0
github.com/lodgvideon/poseidon-http-server/conn/server_conn.go:426.104,426.104 0 0
github.com/lodgvideon/poseidon-http-server/conn/server_conn.go:427.11,427.11 0 0
github.com/lodgvideon/poseidon-http-server/conn/server_conn.go:429.3,429.18 1 0
github.com/lodgvideon/poseidon-http-server/conn/server_conn.go:436.66,438.44 2 1
github.com/lodgvideon/poseidon-http-server/conn/server_conn.go:438.44,441.3 2 1
github.com/lodgvideon/poseidon-http-server/conn/server_conn.go:442.2,447.30 6 1
github.com/lodgvideon/poseidon-http-server/conn/server_conn.go:447.30,449.3 1 0
github.com/lodgvideon/poseidon-http-server/conn/server_conn.go:450.2,450.10 1 1
github.com/lodgvideon/poseidon-http-server/conn/server_conn.go:454.82,455.27 1 1
github.com/lodgvideon/poseidon-http-server/conn/server_conn.go:455.27,456.26 1 1
github.com/lodgvideon/poseidon-http-server/conn/server_conn.go:456.26,458.4 1 1
github.com/lodgvideon/poseidon-http-server/conn/server_conn.go:460.2,460.12 1 1
github.com/lodgvideon/poseidon-http-server/conn/server_conn.go:473.60,474.28 1 1
github.com/lodgvideon/poseidon-http-server/conn/server_conn.go:474.28,476.3 1 1
github.com/lodgvideon/poseidon-http-server/conn/server_conn.go:477.2,477.33 1 1
github.com/lodgvideon/poseidon-http-server/conn/server_conn.go:477.33,479.3 1 1
github.com/lodgvideon/poseidon-http-server/conn/server_conn.go:480.2,480.30 1 1
github.com/lodgvideon/poseidon-http-server/conn/server_conn.go:480.30,482.3 1 1
github.com/lodgvideon/poseidon-http-server/conn/server_conn.go:483.2,483.25 1 1
github.com/lodgvideon/poseidon-http-server/conn/server_conn.go:483.25,485.3 1 1
github.com/lodgvideon/poseidon-http-server/conn/server_conn.go:486.2,486.10 1 1
github.com/lodgvideon/poseidon-http-server/conn/server_conn.go:506.75,506.89 1 0
github.com/lodgvideon/poseidon-http-server/conn/server_conn.go:507.106,509.2 1 0
github.com/lodgvideon/poseidon-http-server/conn/server_conn.go:510.86,510.100 1 0
github.com/lodgvideon/poseidon-http-server/conn/server_conn.go:511.86,511.100 1 0
github.com/lodgvideon/poseidon-http-server/conn/server_conn.go:512.91,513.41 1 1
github.com/lodgvideon/poseidon-http-server/conn/server_conn.go:513.41,516.3 2 1
github.com/lodgvideon/poseidon-http-server/conn/server_conn.go:517.2,519.12 3 1
github.com/lodgvideon/poseidon-http-server/conn/server_conn.go:521.101,523.2 1 0
github.com/lodgvideon/poseidon-http-server/conn/server_conn.go:524.93,524.107 1 0
github.com/lodgvideon/poseidon-http-server/conn/server_conn.go:525.93,525.107 1 0
github.com/lodgvideon/poseidon-http-server/conn/server_conn.go:526.93,526.107 1 0
github.com/lodgvideon/poseidon-http-server/conn/server_conn.go:527.93,527.107 1 0
github.com/lodgvideon/poseidon-http-server/conn/server_handler.go:33.89,39.2 1 1
github.com/lodgvideon/poseidon-http-server/conn/server_handler.go:41.83,43.14 2 1
github.com/lodgvideon/poseidon-http-server/conn/server_handler.go:43.14,45.3 1 0
github.com/lodgvideon/poseidon-http-server/conn/server_handler.go:46.2,46.63 1 1
github.com/lodgvideon/poseidon-http-server/conn/server_handler.go:46.63,48.3 1 0
github.com/lodgvideon/poseidon-http-server/conn/server_handler.go:49.2,51.9 3 1
github.com/lodgvideon/poseidon-http-server/conn/server_handler.go:51.9,54.3 2 1
github.com/lodgvideon/poseidon-http-server/conn/server_handler.go:55.2,56.12 2 1
github.com/lodgvideon/poseidon-http-server/conn/server_handler.go:59.117,66.11 5 1
github.com/lodgvideon/poseidon-http-server/conn/server_handler.go:66.11,69.3 2 1
github.com/lodgvideon/poseidon-http-server/conn/server_handler.go:71.2,71.17 1 1
github.com/lodgvideon/poseidon-http-server/conn/server_handler.go:71.17,77.3 5 1
github.com/lodgvideon/poseidon-http-server/conn/server_handler.go:79.2,80.12 2 1
github.com/lodgvideon/poseidon-http-server/conn/server_handler.go:80.12,82.3 1 0
github.com/lodgvideon/poseidon-http-server/conn/server_handler.go:84.2,84.16 1 1
github.com/lodgvideon/poseidon-http-server/conn/server_handler.go:84.16,86.3 1 1
github.com/lodgvideon/poseidon-http-server/conn/server_handler.go:87.2,87.49 1 1
github.com/lodgvideon/poseidon-http-server/conn/server_handler.go:90.94,92.50 2 1
github.com/lodgvideon/poseidon-http-server/conn/server_handler.go:92.50,94.3 1 0
github.com/lodgvideon/poseidon-http-server/conn/server_handler.go:95.2,96.52 2 1
github.com/lodgvideon/poseidon-http-server/conn/server_handler.go:96.52,98.3 1 0
github.com/lodgvideon/poseidon-http-server/conn/server_handler.go:99.2,101.16 3 1
github.com/lodgvideon/poseidon-http-server/conn/server_handler.go:101.16,103.3 1 1
github.com/lodgvideon/poseidon-http-server/conn/server_handler.go:104.2,104.59 1 1
github.com/lodgvideon/poseidon-http-server/conn/server_handler.go:107.106,109.63 2 1
github.com/lodgvideon/poseidon-http-server/conn/server_handler.go:109.63,112.3 2 1
github.com/lodgvideon/poseidon-http-server/conn/server_handler.go:113.2,113.16 1 1
github.com/lodgvideon/poseidon-http-server/conn/server_handler.go:113.16,116.3 2 0
github.com/lodgvideon/poseidon-http-server/conn/server_handler.go:118.2,119.15 2 1
github.com/lodgvideon/poseidon-http-server/conn/server_handler.go:119.15,121.3 1 0
github.com/lodgvideon/poseidon-http-server/conn/server_handler.go:122.2,122.15 1 1
github.com/lodgvideon/poseidon-http-server/conn/server_handler.go:122.15,125.3 2 1
github.com/lodgvideon/poseidon-http-server/conn/server_handler.go:128.2,131.30 4 1
github.com/lodgvideon/poseidon-http-server/conn/server_handler.go:131.30,142.3 6 1
github.com/lodgvideon/poseidon-http-server/conn/server_handler.go:144.2,150.12 2 1
github.com/lodgvideon/poseidon-http-server/conn/server_handler.go:153.81,153.95 1 0
github.com/lodgvideon/poseidon-http-server/conn/server_handler.go:155.89,157.14 2 1
github.com/lodgvideon/poseidon-http-server/conn/server_handler.go:157.14,159.3 1 0
github.com/lodgvideon/poseidon-http-server/conn/server_handler.go:160.2,163.12 4 1
github.com/lodgvideon/poseidon-http-server/conn/server_handler.go:166.92,167.41 1 1
github.com/lodgvideon/poseidon-http-server/conn/server_handler.go:167.41,169.3 1 0
github.com/lodgvideon/poseidon-http-server/conn/server_handler.go:170.2,170.55 1 1
github.com/lodgvideon/poseidon-http-server/conn/server_handler.go:170.55,172.3 1 0
github.com/lodgvideon/poseidon-http-server/conn/server_handler.go:173.2,173.37 1 1
github.com/lodgvideon/poseidon-http-server/conn/server_handler.go:176.102,178.2 1 0
github.com/lodgvideon/poseidon-http-server/conn/server_handler.go:180.81,181.37 1 1
github.com/lodgvideon/poseidon-http-server/conn/server_handler.go:181.37,184.3 2 1
github.com/lodgvideon/poseidon-http-server/conn/server_handler.go:185.2,185.40 1 1
github.com/lodgvideon/poseidon-http-server/conn/server_handler.go:188.94,190.2 1 0
github.com/lodgvideon/poseidon-http-server/conn/server_handler.go:192.90,194.2 1 1
github.com/lodgvideon/poseidon-http-server/conn/server_ops.go:14.18,17.3 2 1
github.com/lodgvideon/poseidon-http-server/conn/server_ops.go:22.18,25.3 2 1
github.com/lodgvideon/poseidon-http-server/conn/server_ops.go:31.61,35.2 3 1
github.com/lodgvideon/poseidon-http-server/conn/server_ops.go:40.66,56.9 12 1
github.com/lodgvideon/poseidon-http-server/conn/server_ops.go:57.24,57.24 0 1
github.com/lodgvideon/poseidon-http-server/conn/server_ops.go:58.10,59.16 1 0
github.com/lodgvideon/poseidon-http-server/conn/server_ops.go:64.49,68.2 3 1
github.com/lodgvideon/poseidon-http-server/conn/server_ops.go:71.48,72.22 1 1
github.com/lodgvideon/poseidon-http-server/conn/server_ops.go:72.22,74.3 1 0
github.com/lodgvideon/poseidon-http-server/conn/server_ops.go:75.2,77.49 3 1
github.com/lodgvideon/poseidon-http-server/conn/server_ops.go:77.49,79.3 1 0
github.com/lodgvideon/poseidon-http-server/conn/server_ops.go:80.2,81.12 2 1
github.com/lodgvideon/poseidon-http-server/conn/server_ops.go:85.59,86.22 1 1
github.com/lodgvideon/poseidon-http-server/conn/server_ops.go:86.22,88.3 1 0
github.com/lodgvideon/poseidon-http-server/conn/server_ops.go:89.2,91.55 3 1
github.com/lodgvideon/poseidon-http-server/conn/server_ops.go:91.55,93.3 1 0
github.com/lodgvideon/poseidon-http-server/conn/server_ops.go:94.2,95.12 2 1
github.com/lodgvideon/poseidon-http-server/conn/server_ops.go:100.71,105.27 4 1
github.com/lodgvideon/poseidon-http-server/conn/server_ops.go:105.27,108.3 2 1
github.com/lodgvideon/poseidon-http-server/conn/server_ops.go:109.2,112.27 3 1
github.com/lodgvideon/poseidon-http-server/conn/server_ops.go:112.27,114.43 2 1
github.com/lodgvideon/poseidon-http-server/conn/server_ops.go:114.43,116.4 1 0
github.com/lodgvideon/poseidon-http-server/conn/server_ops.go:120.2,120.30 1 1
github.com/lodgvideon/poseidon-http-server/conn/server_ops.go:120.30,124.33 4 1
github.com/lodgvideon/poseidon-http-server/conn/server_ops.go:124.33,126.4 1 0
github.com/lodgvideon/poseidon-http-server/conn/server_ops.go:127.3,129.30 2 1
github.com/lodgvideon/poseidon-http-server/conn/server_ops.go:129.30,132.26 3 0
github.com/lodgvideon/poseidon-http-server/conn/server_ops.go:132.26,135.5 2 0
github.com/lodgvideon/poseidon-http-server/conn/server_ops.go:136.7,137.18 2 0
github.com/lodgvideon/poseidon-http-server/conn/server_ops.go:140.3,142.22 3 1
github.com/lodgvideon/poseidon-http-server/conn/server_ops.go:144.2,144.12 1 1
github.com/lodgvideon/poseidon-http-server/conn/server_ops.go:148.72,150.19 2 1
github.com/lodgvideon/poseidon-http-server/conn/server_ops.go:150.19,153.32 3 1
github.com/lodgvideon/poseidon-http-server/conn/server_ops.go:153.32,156.4 2 1
github.com/lodgvideon/poseidon-http-server/conn/server_ops.go:157.5,160.13 4 1
github.com/lodgvideon/poseidon-http-server/conn/server_ops.go:162.2,163.14 2 1
github.com/lodgvideon/poseidon-http-server/conn/server_ops.go:163.14,165.3 1 1
github.com/lodgvideon/poseidon-http-server/conn/server_ops.go:166.2,168.31 3 0
github.com/lodgvideon/poseidon-http-server/conn/server_ops.go:168.31,171.3 2 0
github.com/lodgvideon/poseidon-http-server/conn/server_ops.go:172.3,177.12 6 0
github.com/lodgvideon/poseidon-http-server/conn/server_ops.go:181.76,186.22 4 1
github.com/lodgvideon/poseidon-http-server/conn/server_ops.go:186.22,189.3 2 0
github.com/lodgvideon/poseidon-http-server/conn/server_ops.go:190.2,192.54 3 1
github.com/lodgvideon/poseidon-http-server/conn/server_ops.go:192.54,196.3 3 1
github.com/lodgvideon/poseidon-http-server/conn/server_ops.go:197.2,201.27 4 1
github.com/lodgvideon/poseidon-http-server/conn/server_ops.go:201.27,204.3 2 0
github.com/lodgvideon/poseidon-http-server/conn/server_ops.go:205.2,207.55 3 1
github.com/lodgvideon/poseidon-http-server/conn/server_ops.go:207.55,211.3 3 1
github.com/lodgvideon/poseidon-http-server/conn/server_ops.go:212.2,214.22 2 1
github.com/lodgvideon/poseidon-http-server/conn/server_ops.go:214.22,215.66 1 1
github.com/lodgvideon/poseidon-http-server/conn/server_ops.go:215.66,217.4 1 0
github.com/lodgvideon/poseidon-http-server/conn/server_ops.go:219.2,219.20 1 1
github.com/lodgvideon/poseidon-http-server/conn/server_ops.go:219.20,220.61 1 1
github.com/lodgvideon/poseidon-http-server/conn/server_ops.go:220.61,222.4 1 0
github.com/lodgvideon/poseidon-http-server/conn/server_ops.go:224.2,224.12 1 1
github.com/lodgvideon/poseidon-http-server/conn/server_ops.go:230.129,231.22 1 1
github.com/lodgvideon/poseidon-http-server/conn/server_ops.go:231.22,233.3 1 0
github.com/lodgvideon/poseidon-http-server/conn/server_ops.go:234.2,248.16 9 1
github.com/lodgvideon/poseidon-http-server/conn/server_ops.go:248.16,250.3 1 0
github.com/lodgvideon/poseidon-http-server/conn/server_ops.go:251.2,252.12 2 1
github.com/lodgvideon/poseidon-http-server/conn/server_ops.go:256.110,257.22 1 1
github.com/lodgvideon/poseidon-http-server/conn/server_ops.go:257.22,259.3 1 0
github.com/lodgvideon/poseidon-http-server/conn/server_ops.go:261.2,266.28 6 1
github.com/lodgvideon/poseidon-http-server/conn/server_ops.go:266.28,268.3 1 0
github.com/lodgvideon/poseidon-http-server/conn/server_ops.go:269.2,269.19 1 1
github.com/lodgvideon/poseidon-http-server/conn/server_ops.go:269.19,271.3 1 0
github.com/lodgvideon/poseidon-http-server/conn/server_ops.go:274.2,274.17 1 1
github.com/lodgvideon/poseidon-http-server/conn/server_ops.go:274.17,275.17 1 1
github.com/lodgvideon/poseidon-http-server/conn/server_ops.go:275.17,277.4 1 0
github.com/lodgvideon/poseidon-http-server/conn/server_ops.go:278.3,280.23 3 1
github.com/lodgvideon/poseidon-http-server/conn/server_ops.go:280.23,282.4 1 0
github.com/lodgvideon/poseidon-http-server/conn/server_ops.go:283.3,283.59 1 1
github.com/lodgvideon/poseidon-http-server/conn/server_ops.go:283.59,285.4 1 0
github.com/lodgvideon/poseidon-http-server/conn/server_ops.go:286.3,287.13 2 1
github.com/lodgvideon/poseidon-http-server/conn/server_ops.go:290.2,290.17 1 1
github.com/lodgvideon/poseidon-http-server/conn/server_ops.go:290.17,292.22 2 1
github.com/lodgvideon/poseidon-http-server/conn/server_ops.go:292.22,294.4 1 1
github.com/lodgvideon/poseidon-http-server/conn/server_ops.go:295.3,296.17 2 1
github.com/lodgvideon/poseidon-http-server/conn/server_ops.go:296.17,298.4 1 0
github.com/lodgvideon/poseidon-http-server/conn/server_ops.go:299.3,301.23 3 1
github.com/lodgvideon/poseidon-http-server/conn/server_ops.go:301.23,304.4 2 0
github.com/lodgvideon/poseidon-http-server/conn/server_ops.go:305.3,305.63 1 1
github.com/lodgvideon/poseidon-http-server/conn/server_ops.go:305.63,308.4 2 0
github.com/lodgvideon/poseidon-http-server/conn/server_ops.go:309.3,311.12 3 1
github.com/lodgvideon/poseidon-http-server/conn/server_ops.go:313.2,313.12 1 1
github.com/lodgvideon/poseidon-http-server/conn/server_ops.go:317.88,318.22 1 1
github.com/lodgvideon/poseidon-http-server/conn/server_ops.go:318.22,320.3 1 0
github.com/lodgvideon/poseidon-http-server/conn/server_ops.go:321.2,323.58 3 1
github.com/lodgvideon/poseidon-http-server/conn/server_ops.go:323.58,325.3 1 0
github.com/lodgvideon/poseidon-http-server/conn/server_ops.go:326.2,328.12 3 1
github.com/lodgvideon/poseidon-http-server/conn/server_ops.go:333.104,334.15 1 1
github.com/lodgvideon/poseidon-http-server/conn/server_ops.go:334.15,336.3 1 0
github.com/lodgvideon/poseidon-http-server/conn/server_ops.go:338.2,340.12 3 1
github.com/lodgvideon/poseidon-http-server/conn/server_ops.go:340.12,341.10 1 1
github.com/lodgvideon/poseidon-http-server/conn/server_ops.go:342.21,345.23 3 0
github.com/lodgvideon/poseidon-http-server/conn/server_ops.go:346.19,346.19 0 1
github.com/lodgvideon/poseidon-http-server/conn/server_ops.go:350.2,352.6 3 1
github.com/lodgvideon/poseidon-http-server/conn/server_ops.go:352.6,353.23 1 1
github.com/lodgvideon/poseidon-http-server/conn/server_ops.go:353.23,355.4 1 0
github.com/lodgvideon/poseidon-http-server/conn/server_ops.go:356.3,356.35 1 1
github.com/lodgvideon/poseidon-http-server/conn/server_ops.go:356.35,358.4 1 0
github.com/lodgvideon/poseidon-http-server/conn/server_ops.go:359.3,364.22 6 1
github.com/lodgvideon/poseidon-http-server/conn/server_ops.go:364.22,366.4 1 0
github.com/lodgvideon/poseidon-http-server/conn/server_ops.go:367.3,367.16 1 1
github.com/lodgvideon/poseidon-http-server/conn/server_ops.go:367.16,369.17 2 1
github.com/lodgvideon/poseidon-http-server/conn/server_ops.go:369.17,371.5 1 0
github.com/lodgvideon/poseidon-http-server/conn/server_ops.go:372.4,376.22 5 1
github.com/lodgvideon/poseidon-http-server/conn/server_ops.go:378.3,378.22 1 0
github.com/lodgvideon/poseidon-http-server/conn/server_ops.go:383.75,384.22 1 1
github.com/lodgvideon/poseidon-http-server/conn/server_ops.go:384.22,386.3 1 0
github.com/lodgvideon/poseidon-http-server/conn/server_ops.go:387.2,389.69 3 1
github.com/lodgvideon/poseidon-http-server/conn/server_ops.go:389.69,391.3 1 0
github.com/lodgvideon/poseidon-http-server/conn/server_ops.go:392.2,393.12 2 1
github.com/lodgvideon/poseidon-http-server/conn/server_ops.go:397.83,398.32 1 1
github.com/lodgvideon/poseidon-http-server/conn/server_ops.go:398.32,399.31 1 0
github.com/lodgvideon/poseidon-http-server/conn/server_ops.go:399.31,402.4 2 0
github.com/lodgvideon/poseidon-http-server/conn/server_ops.go:404.2,404.34 1 1
github.com/lodgvideon/poseidon-http-server/conn/server_ops.go:404.34,407.3 2 1
github.com/lodgvideon/poseidon-http-server/conn/server_stream.go:42.42,43.11 1 1
github.com/lodgvideon/poseidon-http-server/conn/server_stream.go:44.20,45.19 1 1
github.com/lodgvideon/poseidon-http-server/conn/server_stream.go:46.17,47.16 1 1
github.com/lodgvideon/poseidon-http-server/conn/server_stream.go:48.21,49.20 1 1
github.com/lodgvideon/poseidon-http-server/conn/server_stream.go:50.18,51.17 1 1
github.com/lodgvideon/poseidon-http-server/conn/server_stream.go:52.10,53.19 1 1
github.com/lodgvideon/poseidon-http-server/conn/server_stream.go:68.37,68.53 1 1
github.com/lodgvideon/poseidon-http-server/conn/server_stream.go:73.108,75.32 2 1
github.com/lodgvideon/poseidon-http-server/conn/server_stream.go:75.32,78.3 2 1
github.com/lodgvideon/poseidon-http-server/conn/server_stream.go:79.2,80.77 2 1
github.com/lodgvideon/poseidon-http-server/conn/server_stream.go:80.77,82.3 1 0
github.com/lodgvideon/poseidon-http-server/conn/server_stream.go:83.2,85.15 3 1
github.com/lodgvideon/poseidon-http-server/conn/server_stream.go:85.15,87.3 1 1
github.com/lodgvideon/poseidon-http-server/conn/server_stream.go:88.2,89.15 2 1
github.com/lodgvideon/poseidon-http-server/conn/server_stream.go:89.15,91.3 1 1
github.com/lodgvideon/poseidon-http-server/conn/server_stream.go:92.2,92.12 1 1
github.com/lodgvideon/poseidon-http-server/conn/server_stream.go:99.87,101.32 2 1
github.com/lodgvideon/poseidon-http-server/conn/server_stream.go:101.32,104.3 2 1
github.com/lodgvideon/poseidon-http-server/conn/server_stream.go:105.2,106.69 2 1
github.com/lodgvideon/poseidon-http-server/conn/server_stream.go:106.69,108.3 1 0
github.com/lodgvideon/poseidon-http-server/conn/server_stream.go:109.2,109.15 1 1
github.com/lodgvideon/poseidon-http-server/conn/server_stream.go:109.15,114.3 4 1
github.com/lodgvideon/poseidon-http-server/conn/server_stream.go:115.2,115.12 1 1
github.com/lodgvideon/poseidon-http-server/conn/server_stream.go:119.72,120.9 1 1
github.com/lodgvideon/poseidon-http-server/conn/server_stream.go:121.28,122.10 1 1
github.com/lodgvideon/poseidon-http-server/conn/server_stream.go:122.10,124.4 1 0
github.com/lodgvideon/poseidon-http-server/conn/server_stream.go:125.3,125.16 1 1
github.com/lodgvideon/poseidon-http-server/conn/server_stream.go:126.20,127.34 1 0
github.com/lodgvideon/poseidon-http-server/conn/server_stream.go:132.39,138.13 6 1
github.com/lodgvideon/poseidon-http-server/conn/server_stream.go:138.13,140.3 1 0
github.com/lodgvideon/poseidon-http-server/conn/server_stream.go:141.2,141.15 1 1
github.com/lodgvideon/poseidon-http-server/conn/server_stream.go:141.15,143.3 1 0
github.com/lodgvideon/poseidon-http-server/conn/server_stream.go:144.2,144.60 1 1
github.com/lodgvideon/poseidon-http-server/conn/server_stream.go:148.41,152.2 3 1
github.com/lodgvideon/poseidon-http-server/conn/server_stream.go:156.45,157.9 1 1
github.com/lodgvideon/poseidon-http-server/conn/server_stream.go:158.22,159.9 1 1
github.com/lodgvideon/poseidon-http-server/conn/server_stream.go:160.10,160.10 0 0
github.com/lodgvideon/poseidon-http-server/conn/server_stream.go:162.2,166.13 5 0
github.com/lodgvideon/poseidon-http-server/conn/server_stream.go:166.13,168.3 1 0
github.com/lodgvideon/poseidon-http-server/conn/server_stream.go:169.2,169.12 1 0
github.com/lodgvideon/poseidon-http-server/conn/server_stream.go:169.12,171.3 1 0
github.com/lodgvideon/poseidon-http-server/conn/server_stream.go:172.2,172.9 1 0
github.com/lodgvideon/poseidon-http-server/conn/server_stream.go:173.104,173.104 0 0
github.com/lodgvideon/poseidon-http-server/conn/server_stream.go:174.10,174.10 0 0
github.com/lodgvideon/poseidon-http-server/conn/server_stream.go:178.95,185.2 1 1
