mode: set
github.com/lodgvideon/poseidon-http-server/server/handler.go:29.92,31.2 1 1
github.com/lodgvideon/poseidon-http-server/server/handler.go:69.86,72.28 3 1
github.com/lodgvideon/poseidon-http-server/server/handler.go:72.28,74.3 1 1
github.com/lodgvideon/poseidon-http-server/server/handler.go:75.2,75.12 1 1
github.com/lodgvideon/poseidon-http-server/server/handler.go:79.52,80.18 1 1
github.com/lodgvideon/poseidon-http-server/server/handler.go:80.18,82.3 1 1
github.com/lodgvideon/poseidon-http-server/server/handler.go:83.2,84.12 2 1
github.com/lodgvideon/poseidon-http-server/server/handler.go:88.76,91.2 2 1
github.com/lodgvideon/poseidon-http-server/server/handler.go:94.43,94.66 1 1
github.com/lodgvideon/poseidon-http-server/server/handler.go:97.40,97.57 1 1
github.com/lodgvideon/poseidon-http-server/server/handler.go:100.57,100.78 1 1
github.com/lodgvideon/poseidon-http-server/server/handler.go:107.47,107.67 1 1
github.com/lodgvideon/poseidon-http-server/server/handler.go:110.55,111.39 1 1
github.com/lodgvideon/poseidon-http-server/server/handler.go:111.39,113.3 1 0
github.com/lodgvideon/poseidon-http-server/server/handler.go:114.2,114.20 1 1
github.com/lodgvideon/poseidon-http-server/server/handler.go:118.54,120.2 1 1
github.com/lodgvideon/poseidon-http-server/server/handler.go:131.46,132.86 1 1
github.com/lodgvideon/poseidon-http-server/server/handler.go:132.86,134.17 2 1
github.com/lodgvideon/poseidon-http-server/server/handler.go:134.17,136.4 1 0
github.com/lodgvideon/poseidon-http-server/server/handler.go:137.3,139.13 3 1
github.com/lodgvideon/poseidon-http-server/server/handler.go:144.44,145.71 1 1
github.com/lodgvideon/poseidon-http-server/server/handler.go:145.71,148.59 3 1
github.com/lodgvideon/poseidon-http-server/server/handler.go:148.59,151.4 2 1
github.com/lodgvideon/poseidon-http-server/server/handler.go:152.3,152.34 1 1
github.com/lodgvideon/poseidon-http-server/server/handler.go:152.34,153.25 1 1
github.com/lodgvideon/poseidon-http-server/server/handler.go:153.25,155.5 1 1
github.com/lodgvideon/poseidon-http-server/server/handler.go:157.3,157.26 1 1
github.com/lodgvideon/poseidon-http-server/server/handler.go:157.26,159.4 1 1
github.com/lodgvideon/poseidon-http-server/server/handler.go:160.3,160.28 1 1
github.com/lodgvideon/poseidon-http-server/server/handler.go:169.42,171.2 1 1
github.com/lodgvideon/poseidon-http-server/server/handler.go:174.58,176.18 2 1
github.com/lodgvideon/poseidon-http-server/server/handler.go:176.18,178.3 1 1
github.com/lodgvideon/poseidon-http-server/server/handler.go:179.2,180.16 2 1
github.com/lodgvideon/poseidon-http-server/server/handler.go:180.16,182.3 1 1
github.com/lodgvideon/poseidon-http-server/server/handler.go:183.2,185.16 3 1
github.com/lodgvideon/poseidon-http-server/server/handler.go:185.16,187.3 1 0
github.com/lodgvideon/poseidon-http-server/server/handler.go:188.2,188.21 1 1
github.com/lodgvideon/poseidon-http-server/server/handler.go:188.21,191.3 2 1
github.com/lodgvideon/poseidon-http-server/server/handler.go:192.2,192.32 1 1
github.com/lodgvideon/poseidon-http-server/server/handler.go:192.32,194.3 1 1
github.com/lodgvideon/poseidon-http-server/server/handler.go:195.2,195.21 1 1
github.com/lodgvideon/poseidon-http-server/server/handler.go:199.53,201.30 2 1
github.com/lodgvideon/poseidon-http-server/server/handler.go:201.30,202.24 1 1
github.com/lodgvideon/poseidon-http-server/server/handler.go:202.24,207.4 1 1
github.com/lodgvideon/poseidon-http-server/server/handler.go:209.2,215.3 1 1
github.com/lodgvideon/poseidon-http-server/server/handler.go:224.55,225.26 1 1
github.com/lodgvideon/poseidon-http-server/server/handler.go:225.26,227.3 1 0
github.com/lodgvideon/poseidon-http-server/server/handler.go:228.2,230.15 3 1
github.com/lodgvideon/poseidon-http-server/server/handler.go:233.41,233.55 1 0
